openCVLibrary400pre/build/intermediates/manifest_merge_blame_file/debug/manifest-merger-blame-debug-report.txt
1<?xml version="1.0" encoding="utf-8"?>
2<manifest xmlns:android="http://schemas.android.com/apk/res/android"
3    package="org.opencv"
4    android:versionCode="4000"
5    android:versionName="4.0.0-pre" > <!-- <uses-sdk android:minSdkVersion="8" android:targetSdkVersion="30" /> -->
6    <uses-sdk
7        android:minSdkVersion="8"
7-->src/main/AndroidManifest.xml
8        android:targetSdkVersion="30" />
8-->src/main/AndroidManifest.xml
9
10</manifest>